<?xml version="1.0" encoding="UTF-8"?>
<!-- Generated by org.testng.reporters.JUnitReportReporter -->
<testsuite hostname="Sudhir" failures="0" tests="1" name="HardAssert.HardAssertStudy" time="0.020" errors="0" timestamp="2022-07-31T12:51:31 IST" skipped="0">
  <testcase classname="HardAssert.HardAssertStudy" name="myMethod" time="0.020"/>
  <system-out/>
</testsuite> <!-- HardAssert.HardAssertStudy -->
