<?xml version="1.0" encoding="UTF-8"?>
<!-- Generated by org.testng.reporters.JUnitReportReporter -->
<testsuite hostname="Sudhir" failures="0" tests="5" name="TestNGListener.EnabledStudy" time="0.051" errors="0" timestamp="2022-08-14T16:29:35 IST" skipped="1">
  <testcase classname="TestNGListener.EnabledStudy" name="b" time="0.021"/>
  <system-out>
    <![CDATA[TC execution is start  b
i am B method
TC execution is Successfull  b]]>
  </system-out>
  <testcase classname="TestNGListener.EnabledStudy" name="d" time="0.006"/>
  <system-out>
    <![CDATA[TC execution is start  d
i am D method
TC execution is Successfull  d]]>
  </system-out>
  <testcase classname="TestNGListener.EnabledStudy" name="e" time="0.004"/>
  <system-out>
    <![CDATA[TC execution is start  e
i am E method
TC execution is Successfull  e]]>
  </system-out>
  <testcase classname="TestNGListener.EnabledStudy" name="c" time="0.020"/>
  <system-out>
    <![CDATA[TC execution is start  c
i am C method
TC execution is Successfull  c]]>
  </system-out>
  <testcase classname="TestNGListener.EnabledStudy" name="a">
    <skipped/>
  </testcase> <!-- a -->
  <system-out/>
</testsuite> <!-- TestNGListener.EnabledStudy -->
