<?xml version="1.0" encoding="UTF-8"?>
<!-- Generated by org.testng.reporters.JUnitReportReporter -->
<testsuite hostname="Sudhir" failures="0" tests="1" name="Serial_or_Parallel_Execution.test1" time="31.052" errors="0" timestamp="2022-07-27T12:20:47 IST" skipped="0">
  <testcase classname="Serial_or_Parallel_Execution.test1" name="kiteLaunch" time="31.052"/>
  <system-out/>
</testsuite> <!-- Serial_or_Parallel_Execution.test1 -->
