<?xml version="1.0" encoding="UTF-8"?>
<!-- Generated by org.testng.reporters.JUnitReportReporter -->
<testsuite hostname="Sudhir" failures="0" tests="4" name="TestNGkeyword.PriorityStudy2" time="0.028" errors="0" timestamp="2022-07-26T15:26:04 IST" skipped="0">
  <testcase classname="TestNGkeyword.PriorityStudy2" name="h" time="0.019"/>
  <system-out>
    <![CDATA[i am h method]]>
  </system-out>
  <testcase classname="TestNGkeyword.PriorityStudy2" name="f" time="0.002"/>
  <system-out>
    <![CDATA[i am f method]]>
  </system-out>
  <testcase classname="TestNGkeyword.PriorityStudy2" name="i" time="0.005"/>
  <system-out>
    <![CDATA[i am i method]]>
  </system-out>
  <testcase classname="TestNGkeyword.PriorityStudy2" name="g" time="0.002"/>
  <system-out>
    <![CDATA[i am g method]]>
  </system-out>
</testsuite> <!-- TestNGkeyword.PriorityStudy2 -->
