<?xml version="1.0" encoding="UTF-8"?>
<!-- Generated by org.testng.reporters.JUnitReportReporter -->
<testsuite hostname="Sudhir" failures="0" tests="8" name="TestNGkeyword.InvocationCount_Study" time="0.091" errors="0" timestamp="2022-08-05T14:19:27 IST" skipped="0">
  <testcase classname="TestNGkeyword.InvocationCount_Study" name="myMethod" time="0.007"/>
  <system-out>
    <![CDATA[my method is runnung]]>
  </system-out>
  <testcase classname="TestNGkeyword.InvocationCount_Study" name="demo" time="0.007"/>
  <system-out>
    <![CDATA[demo is running]]>
  </system-out>
  <testcase classname="TestNGkeyword.InvocationCount_Study" name="demo" time="0.009"/>
  <system-out>
    <![CDATA[demo is running]]>
  </system-out>
  <testcase classname="TestNGkeyword.InvocationCount_Study" name="myMethod" time="0.038"/>
  <system-out>
    <![CDATA[my method is runnung]]>
  </system-out>
  <testcase classname="TestNGkeyword.InvocationCount_Study" name="myMethod" time="0.006"/>
  <system-out>
    <![CDATA[my method is runnung]]>
  </system-out>
  <testcase classname="TestNGkeyword.InvocationCount_Study" name="myMethod" time="0.006"/>
  <system-out>
    <![CDATA[my method is runnung]]>
  </system-out>
  <testcase classname="TestNGkeyword.InvocationCount_Study" name="myMethod" time="0.011"/>
  <system-out>
    <![CDATA[my method is runnung]]>
  </system-out>
  <testcase classname="TestNGkeyword.InvocationCount_Study" name="demo" time="0.007"/>
  <system-out>
    <![CDATA[demo is running]]>
  </system-out>
</testsuite> <!-- TestNGkeyword.InvocationCount_Study -->
