<?xml version="1.0" encoding="UTF-8"?>
<!-- Generated by org.testng.reporters.JUnitReportReporter -->
<testsuite hostname="Sudhir" failures="0" tests="1" name="Serial_or_Parallel_Execution.test2" time="32.885" errors="0" timestamp="2022-07-27T12:20:47 IST" skipped="0">
  <testcase classname="Serial_or_Parallel_Execution.test2" name="facebookLaunch" time="32.885"/>
  <system-out/>
</testsuite> <!-- Serial_or_Parallel_Execution.test2 -->
