<?xml version="1.0" encoding="UTF-8"?>
<!-- Generated by org.testng.reporters.JUnitReportReporter -->
<testsuite hostname="Sudhir" failures="0" tests="5" name="TestNGkeyword.PriorityStudy" time="0.040" errors="0" timestamp="2022-08-05T14:19:27 IST" skipped="0">
  <testcase classname="TestNGkeyword.PriorityStudy" name="d" time="0.011"/>
  <system-out>
    <![CDATA[i am D method]]>
  </system-out>
  <testcase classname="TestNGkeyword.PriorityStudy" name="b" time="0.003"/>
  <system-out>
    <![CDATA[i am B method]]>
  </system-out>
  <testcase classname="TestNGkeyword.PriorityStudy" name="e" time="0.003"/>
  <system-out>
    <![CDATA[i am E method]]>
  </system-out>
  <testcase classname="TestNGkeyword.PriorityStudy" name="a" time="0.008"/>
  <system-out>
    <![CDATA[i am A method]]>
  </system-out>
  <testcase classname="TestNGkeyword.PriorityStudy" name="c" time="0.015"/>
  <system-out>
    <![CDATA[i am C method]]>
  </system-out>
</testsuite> <!-- TestNGkeyword.PriorityStudy -->
