<?xml version="1.0" encoding="UTF-8"?>
<!-- Generated by org.testng.reporters.JUnitReportReporter -->
<testsuite hostname="Sudhir" failures="0" tests="2" name="testNGAnnotaion.AnnotationStudy" time="0.020" errors="0" timestamp="2022-07-26T15:04:22 IST" skipped="0">
  <testcase classname="testNGAnnotaion.AnnotationStudy" name="abc" time="0.012"/>
  <system-out>
    <![CDATA[abc method]]>
  </system-out>
  <testcase classname="testNGAnnotaion.AnnotationStudy" name="validateUserID" time="0.008"/>
  <system-out>
    <![CDATA[validation done]]>
  </system-out>
</testsuite> <!-- testNGAnnotaion.AnnotationStudy -->
