<?xml version="1.0" encoding="UTF-8"?>
<!-- Generated by org.testng.reporters.JUnitReportReporter -->
<testsuite hostname="Sudhir" failures="0" tests="8" name="TestNGListener.InvocationCount_Study" time="0.101" errors="0" timestamp="2022-08-14T16:29:35 IST" skipped="0">
  <testcase classname="TestNGListener.InvocationCount_Study" name="myMethod" time="0.012"/>
  <system-out>
    <![CDATA[TC execution is start  myMethod
my method is runnung
TC execution is Successfull  myMethod]]>
  </system-out>
  <testcase classname="TestNGListener.InvocationCount_Study" name="demo" time="0.005"/>
  <system-out>
    <![CDATA[TC execution is start  demo
demo is running
TC execution is Successfull  demo]]>
  </system-out>
  <testcase classname="TestNGListener.InvocationCount_Study" name="demo" time="0.011"/>
  <system-out>
    <![CDATA[TC execution is start  demo
demo is running
TC execution is Successfull  demo]]>
  </system-out>
  <testcase classname="TestNGListener.InvocationCount_Study" name="myMethod" time="0.009"/>
  <system-out>
    <![CDATA[TC execution is start  myMethod
my method is runnung
TC execution is Successfull  myMethod]]>
  </system-out>
  <testcase classname="TestNGListener.InvocationCount_Study" name="demo" time="0.033"/>
  <system-out>
    <![CDATA[TC execution is start  demo
demo is running
TC execution is Successfull  demo]]>
  </system-out>
  <testcase classname="TestNGListener.InvocationCount_Study" name="myMethod" time="0.017"/>
  <system-out>
    <![CDATA[TC execution is start  myMethod
my method is runnung
TC execution is Successfull  myMethod]]>
  </system-out>
  <testcase classname="TestNGListener.InvocationCount_Study" name="myMethod" time="0.011"/>
  <system-out>
    <![CDATA[TC execution is start  myMethod
my method is runnung
TC execution is Successfull  myMethod]]>
  </system-out>
  <testcase classname="TestNGListener.InvocationCount_Study" name="myMethod" time="0.003"/>
  <system-out>
    <![CDATA[TC execution is start  myMethod
my method is runnung
TC execution is Successfull  myMethod]]>
  </system-out>
</testsuite> <!-- TestNGListener.InvocationCount_Study -->
