<?xml version="1.0" encoding="UTF-8"?>
<!-- Generated by org.testng.reporters.JUnitReportReporter -->
<testsuite hostname="Sudhir" failures="0" tests="1" name="TestNG.TestNG_test1" time="15.443" errors="0" timestamp="2022-07-25T11:58:24 IST" skipped="0">
  <testcase classname="TestNG.TestNG_test1" name="demo1" time="15.443"/>
  <system-out/>
</testsuite> <!-- TestNG.TestNG_test1 -->
