<?xml version="1.0" encoding="UTF-8"?>
<!-- Generated by org.testng.reporters.JUnitReportReporter -->
<testsuite hostname="Sudhir" failures="0" tests="5" name="TestNGkeyword.EnabledStudy" time="0.041" errors="0" timestamp="2022-08-05T14:19:27 IST" skipped="1">
  <testcase classname="TestNGkeyword.EnabledStudy" name="b" time="0.026"/>
  <system-out>
    <![CDATA[i am B method]]>
  </system-out>
  <testcase classname="TestNGkeyword.EnabledStudy" name="d" time="0.003"/>
  <system-out>
    <![CDATA[i am D method]]>
  </system-out>
  <testcase classname="TestNGkeyword.EnabledStudy" name="e" time="0.003"/>
  <system-out>
    <![CDATA[i am E method]]>
  </system-out>
  <testcase classname="TestNGkeyword.EnabledStudy" name="c" time="0.009"/>
  <system-out>
    <![CDATA[i am C method]]>
  </system-out>
  <testcase classname="TestNGkeyword.EnabledStudy" name="a">
    <skipped/>
  </testcase> <!-- a -->
  <system-out/>
</testsuite> <!-- TestNGkeyword.EnabledStudy -->
