<?xml version="1.0" encoding="UTF-8"?>
<!-- Generated by org.testng.reporters.JUnitReportReporter -->
<testsuite hostname="Sudhir" failures="0" tests="1" name="TestNG.MyClass" time="0.054" errors="0" timestamp="2022-07-25T13:51:17 IST" skipped="0">
  <testcase classname="TestNG.MyClass" name="test" time="0.054"/>
  <system-out>
    <![CDATA[hi am written in reporter with boolean
hi am reporter without boolean]]>
  </system-out>
</testsuite> <!-- TestNG.MyClass -->
