<?xml version="1.0" encoding="UTF-8"?>
<!-- Generated by org.testng.reporters.JUnitReportReporter -->
<testsuite hostname="Sudhir" failures="0" tests="5" name="TestNGkeyword.DependsOnMethod_Study" time="0.152" errors="1" timestamp="2022-08-04T18:16:51 IST" skipped="1">
  <testcase classname="TestNGkeyword.DependsOnMethod_Study" name="b" time="0.129">
    <error message="Method TestNGkeyword.DependsOnMethod_Study.b() didn&#039;t finish within the time-out 100" type="org.testng.internal.thread.ThreadTimeoutException">
      <![CDATA[org.testng.internal.thread.ThreadTimeoutException: Method TestNGkeyword.DependsOnMethod_Study.b() didn't finish within the time-out 100
at org.testng.internal.MethodInvocationHelper.invokeWithTimeoutWithNewExecutor(MethodInvocationHelper.java:384)
at org.testng.internal.MethodInvocationHelper.invokeWithTimeout(MethodInvocationHelper.java:283)
at org.testng.internal.TestInvoker.invokeMethod(TestInvoker.java:604)
at org.testng.internal.TestInvoker.invokeTestMethod(TestInvoker.java:173)
at org.testng.internal.MethodRunner.runInSequence(MethodRunner.java:46)
at org.testng.internal.TestInvoker$MethodInvocationAgent.invoke(TestInvoker.java:824)
at org.testng.internal.TestInvoker.invokeTestMethods(TestInvoker.java:146)
at org.testng.internal.TestMethodWorker.invokeTestMethods(TestMethodWorker.java:146)
at org.testng.internal.TestMethodWorker.run(TestMethodWorker.java:128)
at java.base/java.util.ArrayList.forEach(ArrayList.java:1541)
at org.testng.TestRunner.privateRun(TestRunner.java:794)
at org.testng.TestRunner.run(TestRunner.java:596)
at org.testng.SuiteRunner.runTest(SuiteRunner.java:377)
at org.testng.SuiteRunner.runSequentially(SuiteRunner.java:371)
at org.testng.SuiteRunner.privateRun(SuiteRunner.java:332)
at org.testng.SuiteRunner.run(SuiteRunner.java:276)
at org.testng.SuiteRunnerWorker.runSuite(SuiteRunnerWorker.java:53)
at org.testng.SuiteRunnerWorker.run(SuiteRunnerWorker.java:96)
at org.testng.TestNG.runSuitesSequentially(TestNG.java:1212)
at org.testng.TestNG.runSuitesLocally(TestNG.java:1134)
at org.testng.TestNG.runSuites(TestNG.java:1063)
at org.testng.TestNG.run(TestNG.java:1031)
at org.testng.remote.AbstractRemoteTestNG.run(AbstractRemoteTestNG.java:115)
at org.testng.remote.RemoteTestNG.initAndRun(RemoteTestNG.java:251)
at org.testng.remote.RemoteTestNG.main(RemoteTestNG.java:77)
]]>
    </error>
  </testcase> <!-- b -->
  <system-out>
    <![CDATA[TC execution is start  b
 Take Screenshot ]]>
  </system-out>
  <testcase classname="TestNGkeyword.DependsOnMethod_Study" name="c" time="0.007"/>
  <system-out>
    <![CDATA[TC execution is start  c
i am C method
TC execution is Successfull  c]]>
  </system-out>
  <testcase classname="TestNGkeyword.DependsOnMethod_Study" name="e" time="0.006"/>
  <system-out>
    <![CDATA[TC execution is start  e
i am E method
TC execution is Successfull  e]]>
  </system-out>
  <testcase classname="TestNGkeyword.DependsOnMethod_Study" name="d" time="0.010"/>
  <system-out>
    <![CDATA[TC execution is start  d
i am D method
TC execution is Successfull  d]]>
  </system-out>
  <testcase classname="TestNGkeyword.DependsOnMethod_Study" name="a" time="0.000">
    <skipped/>
  </testcase> <!-- a -->
  <system-out>
    <![CDATA[TC execution is Skipped  a]]>
  </system-out>
</testsuite> <!-- TestNGkeyword.DependsOnMethod_Study -->
