<?xml version="1.0" encoding="UTF-8"?>
<!-- Generated by org.testng.reporters.JUnitReportReporter -->
<testsuite hostname="Sudhir" failures="0" tests="1" name="Assert.SoftAssertStudy" time="0.026" errors="0" timestamp="2022-07-31T13:03:10 IST" skipped="0">
  <testcase classname="Assert.SoftAssertStudy" name="myMethod" time="0.026"/>
  <system-out/>
</testsuite> <!-- Assert.SoftAssertStudy -->
