<?xml version="1.0" encoding="UTF-8"?>
<!-- Generated by org.testng.reporters.JUnitReportReporter -->
<testsuite hostname="Sudhir" failures="0" tests="1" name="Testng_Varification.PaytmRecharge" time="38.150" errors="0" timestamp="2022-07-27T12:55:50 IST" skipped="0">
  <testcase classname="Testng_Varification.PaytmRecharge" name="paytm" time="38.150"/>
  <system-out/>
</testsuite> <!-- Testng_Varification.PaytmRecharge -->
