<?xml version="1.0" encoding="UTF-8"?>
<!-- Generated by org.testng.reporters.JUnitReportReporter -->
<testsuite hostname="Sudhir" failures="0" tests="5" name="TestNGkeyword.TimeoutStudy" time="0.067" errors="0" timestamp="2022-08-05T14:19:27 IST" skipped="0">
  <testcase classname="TestNGkeyword.TimeoutStudy" name="b" time="0.004"/>
  <system-out>
    <![CDATA[i am B method]]>
  </system-out>
  <testcase classname="TestNGkeyword.TimeoutStudy" name="a" time="0.038"/>
  <system-out>
    <![CDATA[i am A method]]>
  </system-out>
  <testcase classname="TestNGkeyword.TimeoutStudy" name="d" time="0.012"/>
  <system-out>
    <![CDATA[i am D method]]>
  </system-out>
  <testcase classname="TestNGkeyword.TimeoutStudy" name="e" time="0.006"/>
  <system-out>
    <![CDATA[i am E method]]>
  </system-out>
  <testcase classname="TestNGkeyword.TimeoutStudy" name="c" time="0.007"/>
  <system-out>
    <![CDATA[i am C method]]>
  </system-out>
</testsuite> <!-- TestNGkeyword.TimeoutStudy -->
