<?xml version="1.0" encoding="UTF-8"?>
<!-- Generated by org.testng.reporters.JUnitReportReporter -->
<testsuite hostname="Sudhir" failures="0" tests="1" name="CrossBrowser.CrossBowserStudy" time="130.840" errors="0" timestamp="2022-07-29T15:06:07 IST" skipped="0">
  <testcase classname="CrossBrowser.CrossBowserStudy" name="f" time="130.840"/>
  <system-out/>
</testsuite> <!-- CrossBrowser.CrossBowserStudy -->
